{
  "RSpec": {
    "coverage": {
      "/home/ubuntu/workspace/lib/mtwarden.rb": [
        1,
        1,
        null,
        1,
        null
      ],
      "/home/ubuntu/workspace/lib/mtwarden/engine.rb": [
        1,
        1,
        1,
        null,
        1,
        1,
        null,
        1,
        1,
        1,
        null,
        1,
        1,
        null,
        null,
        1,
        1,
        1,
        1,
        21,
        null,
        null,
        1,
        27,
        null,
        null,
        null,
        null,
        1,
        1,
        1,
        1,
        null,
        null,
        null,
        null,
        null,
        1,
        1,
        1,
        1,
        1,
        null,
        null,
        null,
        1,
        1,
        null,
        null,
        null,
        null
      ],
      "/home/ubuntu/workspace/lib/mtwarden/scoped_to.rb": [
        1,
        1,
        1,
        0,
        null,
        null,
        null
      ],
      "/home/ubuntu/workspace/app/models/mtwarden/account.rb": [
        1,
        1,
        null,
        1,
        1,
        null,
        1,
        null,
        1,
        1,
        null,
        1,
        1,
        null,
        1,
        1,
        null,
        null,
        1,
        null,
        null,
        1,
        35,
        null,
        null,
        1,
        6,
        6,
        2,
        null,
        6,
        null,
        null,
        1,
        43,
        null,
        null,
        null,
        null
      ],
      "/home/ubuntu/workspace/app/extenders/controllers/application_controller_extender.rb": [
        1,
        1,
        74,
        null,
        1,
        null,
        1,
        69,
        null,
        32,
        32,
        69,
        null,
        null,
        1,
        null,
        1,
        154,
        null,
        1,
        null,
        1,
        39,
        5,
        5,
        null,
        null,
        null,
        1,
        2,
        null,
        null,
        1,
        43,
        null,
        1,
        null,
        null
      ],
      "/home/ubuntu/workspace/lib/mtwarden/constraints/subdomain_required.rb": [
        1,
        1,
        1,
        1,
        58,
        null,
        null,
        null,
        null
      ],
      "/home/ubuntu/workspace/app/controllers/mtwarden/account/accounts_controller.rb": [
        1,
        null,
        1,
        1,
        1,
        1,
        null,
        1,
        6,
        6,
        5,
        5,
        4,
        null,
        1,
        null,
        null,
        1,
        1,
        null,
        null,
        null,
        1,
        9,
        null,
        null,
        1,
        2,
        2,
        2,
        1,
        null,
        null,
        null,
        1,
        1,
        1,
        1,
        1,
        null,
        1,
        1,
        null,
        null,
        null,
        1,
        2,
        2,
        2,
        null,
        2,
        1,
        1,
        1,
        null,
        1,
        1,
        null,
        null,
        null,
        1,
        null,
        1,
        12,
        null,
        null,
        null
      ],
      "/home/ubuntu/workspace/app/controllers/mtwarden/application_controller.rb": [
        1,
        1,
        null,
        1,
        17,
        1,
        1,
        null,
        null,
        null,
        null,
        null
      ],
      "/home/ubuntu/workspace/app/helpers/mtwarden/application_helper.rb": [
        1,
        1,
        null,
        null
      ],
      "/home/ubuntu/workspace/app/helpers/mtwarden/account/accounts_helper.rb": [
        1,
        1,
        null,
        null
      ],
      "/home/ubuntu/workspace/app/controllers/mtwarden/account/dashboard_controller.rb": [
        1,
        null,
        1,
        1,
        1,
        null,
        null
      ],
      "/home/ubuntu/workspace/app/helpers/mtwarden/account/dashboard_helper.rb": [
        1,
        1,
        null,
        null
      ],
      "/home/ubuntu/workspace/app/controllers/mtwarden/account/sessions_controller.rb": [
        1,
        null,
        1,
        1,
        1,
        5,
        null,
        null,
        1,
        4,
        1,
        1,
        null,
        3,
        3,
        3,
        null,
        null,
        null,
        null
      ],
      "/home/ubuntu/workspace/app/helpers/mtwarden/account/sessions_helper.rb": [
        1,
        1,
        null,
        null
      ],
      "/home/ubuntu/workspace/app/controllers/mtwarden/account/users_controller.rb": [
        1,
        null,
        1,
        1,
        1,
        1,
        null,
        null,
        1,
        1,
        1,
        1,
        1,
        1,
        null,
        null,
        1,
        null,
        1,
        1,
        null,
        null,
        null
      ],
      "/home/ubuntu/workspace/app/helpers/mtwarden/account/users_helper.rb": [
        1,
        1,
        null,
        null
      ],
      "/home/ubuntu/workspace/app/controllers/mtwarden/accounts_controller.rb": [
        1,
        null,
        1,
        1,
        1,
        4,
        4,
        null,
        null,
        1,
        5,
        5,
        2,
        2,
        2,
        null,
        3,
        3,
        null,
        null,
        null,
        1,
        null,
        1,
        5,
        null,
        null,
        null,
        null,
        null,
        null,
        null
      ],
      "/home/ubuntu/workspace/app/helpers/mtwarden/accounts_helper.rb": [
        1,
        1,
        null,
        null
      ],
      "/home/ubuntu/workspace/app/controllers/mtwarden/dashboard_controller.rb": [
        1,
        null,
        1,
        1,
        null,
        null
      ],
      "/home/ubuntu/workspace/app/helpers/mtwarden/dashboard_helper.rb": [
        1,
        1,
        null,
        null
      ],
      "/home/ubuntu/workspace/lib/mtwarden/testing_support/factories/account_factory.rb": [
        1,
        null,
        1,
        1,
        18,
        18,
        1,
        null,
        1,
        17,
        null,
        null,
        null
      ],
      "/home/ubuntu/workspace/lib/mtwarden/testing_support/factories/user_factory.rb": [
        1,
        1,
        19,
        1,
        1,
        null,
        null
      ],
      "/home/ubuntu/workspace/app/models/mtwarden/user.rb": [
        1,
        1,
        1,
        1,
        1,
        null,
        null
      ],
      "/home/ubuntu/workspace/lib/mtwarden/testing_support/authentication_helpers.rb": [
        1,
        1,
        1,
        1,
        1,
        2,
        9,
        null,
        null,
        1,
        9,
        18,
        null,
        null,
        null,
        null,
        null
      ],
      "/home/ubuntu/workspace/lib/mtwarden/testing_support/subdomain_helpers.rb": [
        1,
        1,
        1,
        1,
        1,
        1,
        1,
        1,
        1,
        null,
        null,
        null,
        null,
        null
      ],
      "/home/ubuntu/workspace/lib/mtwarden/braintree_plan_fetcher.rb": [
        1,
        1,
        1,
        2,
        2,
        1,
        null,
        null,
        null,
        null,
        1,
        null,
        null,
        null,
        null,
        null,
        null,
        null,
        null,
        null
      ],
      "/home/ubuntu/workspace/app/models/mtwarden/member.rb": [
        1,
        null,
        1,
        1,
        1,
        null,
        null,
        null
      ],
      "/home/ubuntu/workspace/app/models/mtwarden/plan.rb": [
        1,
        null,
        1,
        null,
        null,
        null
      ],
      "/home/ubuntu/workspace/lib/mtwarden/version.rb": [
        0,
        0,
        0
      ]
    },
    "timestamp": 1475180634
  }
}
