{
  "RSpec": {
    "coverage": {
      "/home/ubuntu/workspace/lib/mtwarden.rb": [
        1,
        1,
        null,
        1,
        null
      ],
      "/home/ubuntu/workspace/lib/mtwarden/engine.rb": [
        1,
        1,
        1,
        null,
        1,
        1,
        null,
        1,
        1,
        1,
        null,
        1,
        1,
        null,
        null,
        1,
        1,
        0,
        0,
        0,
        null,
        null,
        0,
        0,
        null,
        null,
        null,
        null,
        1,
        1,
        1,
        0,
        null,
        null,
        null,
        null,
        null,
        1,
        0,
        0,
        0,
        0,
        null,
        null,
        null,
        1,
        0,
        null,
        null,
        null,
        null
      ],
      "/home/ubuntu/workspace/lib/mtwarden/scoped_to.rb": [
        1,
        1,
        1,
        0,
        null,
        null,
        null
      ],
      "/home/ubuntu/workspace/app/extenders/controllers/application_controller_extender.rb": [
        0,
        0,
        0,
        0,
        0,
        0,
        0,
        0,
        0,
        0,
        0,
        0,
        0,
        0,
        0,
        0,
        0,
        0,
        0,
        0,
        0,
        0,
        0,
        0,
        0,
        0,
        0,
        0,
        0,
        0,
        0,
        0,
        0,
        0,
        0,
        0,
        0,
        0
      ],
      "/home/ubuntu/workspace/app/mailers/mtwarden/application_mailer.rb": [
        0,
        0,
        0,
        0,
        0,
        0
      ],
      "/home/ubuntu/workspace/app/controllers/mtwarden/account/sessions_controller.rb": [
        0,
        0,
        0,
        0,
        0,
        0,
        0,
        0,
        0,
        0,
        0,
        0,
        0,
        0,
        0,
        0,
        0,
        0,
        0,
        0
      ],
      "/home/ubuntu/workspace/app/controllers/mtwarden/account/accounts_controller.rb": [
        0,
        0,
        0,
        0,
        0,
        0,
        0,
        0,
        0,
        0,
        0,
        0,
        0,
        0,
        0,
        0,
        0,
        0,
        0,
        0,
        0,
        0,
        0,
        0,
        0,
        0,
        0,
        0,
        0,
        0,
        0,
        0,
        0,
        0,
        0,
        0,
        0,
        0,
        0,
        0,
        0,
        0,
        0,
        0,
        0,
        0,
        0,
        0,
        0,
        0,
        0,
        0,
        0,
        0,
        0,
        0,
        0,
        0,
        0,
        0,
        0,
        0,
        0,
        0,
        0,
        0,
        0
      ],
      "/home/ubuntu/workspace/app/controllers/mtwarden/account/users_controller.rb": [
        0,
        0,
        0,
        0,
        0,
        0,
        0,
        0,
        0,
        0,
        0,
        0,
        0,
        0,
        0,
        0,
        0,
        0,
        0,
        0,
        0,
        0,
        0
      ],
      "/home/ubuntu/workspace/app/controllers/mtwarden/account/dashboard_controller.rb": [
        0,
        0,
        0,
        0,
        0,
        0,
        0
      ],
      "/home/ubuntu/workspace/app/controllers/mtwarden/accounts_controller.rb": [
        0,
        0,
        0,
        0,
        0,
        0,
        0,
        0,
        0,
        0,
        0,
        0,
        0,
        0,
        0,
        0,
        0,
        0,
        0,
        0,
        0,
        0,
        0,
        0,
        0,
        0,
        0,
        0,
        0,
        0,
        0,
        0
      ],
      "/home/ubuntu/workspace/app/controllers/mtwarden/application_controller.rb": [
        0,
        0,
        0,
        0,
        0,
        0,
        0,
        0,
        0,
        0,
        0,
        0
      ],
      "/home/ubuntu/workspace/app/controllers/mtwarden/dashboard_controller.rb": [
        0,
        0,
        0,
        0,
        0,
        0
      ],
      "/home/ubuntu/workspace/app/jobs/mtwarden/application_job.rb": [
        0,
        0,
        0,
        0
      ],
      "/home/ubuntu/workspace/app/helpers/mtwarden/application_helper.rb": [
        0,
        0,
        0,
        0
      ],
      "/home/ubuntu/workspace/app/models/mtwarden/plan.rb": [
        0,
        0,
        0,
        0,
        0,
        0
      ],
      "/home/ubuntu/workspace/app/models/mtwarden/member.rb": [
        0,
        0,
        0,
        0,
        0,
        0,
        0,
        0
      ],
      "/home/ubuntu/workspace/app/models/mtwarden/account.rb": [
        0,
        0,
        0,
        0,
        0,
        0,
        0,
        0,
        0,
        0,
        0,
        0,
        0,
        0,
        0,
        0,
        0,
        0,
        0,
        0,
        0,
        0,
        0,
        0,
        0,
        0,
        0,
        0,
        0,
        0,
        0,
        0,
        0,
        0,
        0,
        0,
        0,
        0,
        0
      ],
      "/home/ubuntu/workspace/app/models/mtwarden/user.rb": [
        0,
        0,
        0,
        0,
        0,
        0,
        0
      ],
      "/home/ubuntu/workspace/app/models/mtwarden/application_record.rb": [
        0,
        0,
        0,
        0,
        0
      ],
      "/home/ubuntu/workspace/lib/mtwarden/braintree_plan_fetcher.rb": [
        0,
        0,
        0,
        0,
        0,
        0,
        0,
        0,
        0,
        0,
        0,
        0,
        0,
        0,
        0,
        0,
        0,
        0,
        0,
        0
      ],
      "/home/ubuntu/workspace/lib/mtwarden/testing_support/authentication_helpers.rb": [
        0,
        0,
        0,
        0,
        0,
        0,
        0,
        0,
        0,
        0,
        0,
        0,
        0,
        0,
        0,
        0,
        0
      ],
      "/home/ubuntu/workspace/lib/mtwarden/testing_support/factories/account_factory.rb": [
        0,
        0,
        0,
        0,
        0,
        0,
        0,
        0,
        0,
        0,
        0,
        0,
        0
      ],
      "/home/ubuntu/workspace/lib/mtwarden/testing_support/factories/user_factory.rb": [
        0,
        0,
        0,
        0,
        0,
        0,
        0
      ],
      "/home/ubuntu/workspace/lib/mtwarden/testing_support/subdomain_helpers.rb": [
        0,
        0,
        0,
        0,
        0,
        0,
        0,
        0,
        0,
        0,
        0,
        0,
        0,
        0
      ],
      "/home/ubuntu/workspace/lib/mtwarden/version.rb": [
        0,
        0,
        0
      ],
      "/home/ubuntu/workspace/lib/mtwarden/constraints/subdomain_required.rb": [
        0,
        0,
        0,
        0,
        0,
        0,
        0,
        0,
        0
      ]
    },
    "timestamp": 1475183901
  }
}
